<?xml version="1.0" encoding="UTF-8"?>
<!-- Generated by org.testng.reporters.JUnitXMLReporter -->
<testsuite ignored="0" hostname="VMLP1063" failures="0" tests="4" name="car" time="0.065" errors="0" timestamp="2022-09-23T18:03:28 IST">
  <testcase classname="testng.Day1" name="start" time="0.011"/>
  <testcase classname="testng.Day1" name="starting" time="0.002"/>
  <testcase classname="testng.Day2" name="demo" time="0.001"/>
  <testcase classname="testng.Day2" name="snake" time="0.001"/>
</testsuite> <!-- car -->
