<?xml version="1.0" encoding="UTF-8"?>
<!-- Generated by org.testng.reporters.JUnitXMLReporter -->
<testsuite ignored="0" hostname="VMLP1063" failures="0" tests="4" name="Include" time="0.062" errors="0" timestamp="2022-09-23T17:53:35 IST">
  <testcase classname="testng.Day1" name="start" time="0.009"/>
  <testcase classname="testng.Day1" name="starting" time="0.001"/>
  <testcase classname="testng.Day2" name="demo" time="0.002"/>
  <testcase classname="testng.Day2" name="snake" time="0.002"/>
</testsuite> <!-- Include -->
